[15:21:38] [main/INFO]: Environment: authHost='https://authserver.mojang.com', accountsHost='https://api.mojang.com', sessionHost='https://sessionserver.mojang.com', servicesHost='https://api.minecraftservices.com', name='PROD'
[15:21:38] [main/WARN]: Ambiguity between arguments [teleport, destination] and [teleport, targets] with inputs: [Player, 0123, @e, dd12be42-52a9-4a91-a8a1-11c01849e498]
[15:21:38] [main/WARN]: Ambiguity between arguments [teleport, location] and [teleport, destination] with inputs: [0.1 -0.5 .9, 0 0 0]
[15:21:38] [main/WARN]: Ambiguity between arguments [teleport, location] and [teleport, targets] with inputs: [0.1 -0.5 .9, 0 0 0]
[15:21:38] [main/WARN]: Ambiguity between arguments [teleport, targets] and [teleport, destination] with inputs: [Player, 0123, dd12be42-52a9-4a91-a8a1-11c01849e498]
[15:21:38] [main/WARN]: Ambiguity between arguments [teleport, targets, location] and [teleport, targets, destination] with inputs: [0.1 -0.5 .9, 0 0 0]
[15:21:38] [main/INFO]: Reloading ResourceManager: Default
[15:21:40] [Worker-Main-2/INFO]: Loaded 7 recipes
[15:21:40] [Worker-Main-2/INFO]: Loaded 927 advancements
[15:21:42] [Server thread/INFO]: Starting minecraft server version 1.16.5
[15:21:42] [Server thread/INFO]: Loading properties
[15:21:42] [Server thread/INFO]: Default game type: SURVIVAL
[15:21:42] [Server thread/INFO]: Generating keypair
[15:21:42] [Server thread/INFO]: Starting Minecraft server on *:25565
[15:21:42] [Server thread/INFO]: Using epoll channel type
[15:21:43] [Server thread/INFO]: Preparing level "world"
[15:21:43] [Server thread/INFO]: Preparing start region for dimension minecraft:overworld
[15:21:45] [Server thread/INFO]: Preparing spawn area: 0%
[15:21:45] [Server thread/INFO]: Preparing spawn area: 0%
[15:21:45] [Server thread/INFO]: Preparing spawn area: 0%
[15:21:45] [Server thread/INFO]: Preparing spawn area: 0%
[15:21:45] [Server thread/INFO]: Preparing spawn area: 0%
[15:21:45] [Server thread/INFO]: Preparing spawn area: 0%
[15:21:49] [Worker-Main-2/INFO]: Preparing spawn area: 38%
[15:21:49] [Server thread/INFO]: Preparing spawn area: 38%
[15:21:49] [Server thread/INFO]: Preparing spawn area: 38%
[15:21:49] [Server thread/INFO]: Preparing spawn area: 38%
[15:21:49] [Worker-Main-2/INFO]: Preparing spawn area: 38%
[15:21:49] [Server thread/INFO]: Preparing spawn area: 38%
[15:21:49] [Server thread/INFO]: Preparing spawn area: 38%
[15:21:49] [Server thread/INFO]: Preparing spawn area: 45%
[15:21:50] [Worker-Main-2/INFO]: Preparing spawn area: 48%
[15:21:50] [Worker-Main-2/INFO]: Preparing spawn area: 48%
[15:21:51] [Worker-Main-2/INFO]: Preparing spawn area: 49%
[15:21:51] [Worker-Main-2/INFO]: Preparing spawn area: 50%
[15:21:52] [Worker-Main-2/INFO]: Preparing spawn area: 53%
[15:21:52] [Worker-Main-2/INFO]: Preparing spawn area: 53%
[15:21:53] [Worker-Main-2/INFO]: Preparing spawn area: 56%
[15:21:53] [Worker-Main-2/INFO]: Preparing spawn area: 87%
[15:21:54] [Worker-Main-2/INFO]: Preparing spawn area: 87%
[15:21:54] [Worker-Main-2/INFO]: Preparing spawn area: 87%
[15:21:55] [Worker-Main-2/INFO]: Preparing spawn area: 89%
[15:21:55] [Worker-Main-2/INFO]: Preparing spawn area: 92%
[15:21:56] [Server thread/INFO]: Preparing spawn area: 92%
[15:21:56] [Server thread/INFO]: Preparing spawn area: 95%
[15:21:57] [Server thread/INFO]: Time elapsed: 13903 ms
[15:21:57] [Server thread/INFO]: Done (14.044s)! For help, type "help"
[15:21:57] [Server thread/INFO]: Starting GS4 status listener
[15:21:57] [Server thread/INFO]: Thread Query Listener started
[15:21:57] [Query Listener #1/INFO]: Query running on 0.0.0.0:25565
[15:23:17] [User Authenticator #1/INFO]: UUID of player Hadeway is df4e1c78-f0ba-4259-9881-ef15eeeaefff
[15:23:17] [Server thread/INFO]: Hadeway[/141.134.37.127:52476] logged in with entity id 274 at (-34.5, 64.0, 87.5)
[15:23:17] [Server thread/INFO]: Hadeway joined the game
[15:23:28] [Server thread/INFO]: Made Hadeway a server operator
[15:23:40] [Server thread/INFO]: [Hadeway: Set own game mode to Creative Mode]
[15:23:54] [Server thread/INFO]: Hadeway lost connection: Disconnected
[15:23:54] [Server thread/INFO]: Hadeway left the game
[15:25:27] [User Authenticator #2/INFO]: UUID of player Hadeway is df4e1c78-f0ba-4259-9881-ef15eeeaefff
[15:25:27] [Server thread/INFO]: Hadeway[/141.134.37.127:52548] logged in with entity id 399 at (-41.53817945032273, 69.86329603759256, 84.3050407074178)
[15:25:27] [Server thread/INFO]: Hadeway joined the game
[15:26:08] [Server thread/INFO]: [Hadeway: Set own game mode to Survival Mode]
[15:26:14] [Server thread/INFO]: [Hadeway: Set own game mode to Creative Mode]
[15:28:27] [Server thread/INFO]: [Hadeway: Made ZeQ2 a server operator]
[15:29:12] [Server thread/INFO]: [Hadeway: Added Hadeway to the whitelist]
[15:29:25] [Server thread/INFO]: [Hadeway: Added ZeQ2 to the whitelist]
[15:29:30] [Server thread/INFO]: [Hadeway: Whitelist is now turned on]
[15:30:47] [Server thread/INFO]: [Hadeway: Added Maxiecoziee to the whitelist]
[15:30:56] [Server thread/INFO]: [Hadeway: Made Maxiecoziee a server operator]
[15:32:20] [User Authenticator #3/INFO]: UUID of player ZeQ2 is f787fce5-0ec7-4e0e-a83d-91b012ef1e92
[15:32:20] [Server thread/INFO]: ZeQ2[/89.220.142.244:55075] logged in with entity id 1078 at (-39.5, 64.0, 81.5)
[15:32:20] [Server thread/INFO]: ZeQ2 joined the game
[15:32:30] [Server thread/INFO]: [ZeQ2: Set own game mode to Creative Mode]
[15:32:39] [Server thread/INFO]: <ZeQ2> jo
[15:33:00] [Server thread/INFO]: <Hadeway> yo
[15:33:26] [Server thread/INFO]: <ZeQ2> wn nu xd
[15:33:29] [Server thread/INFO]: <ZeQ2> en*
[15:33:31] [Server thread/INFO]: <Hadeway> hahah
[15:33:42] [Server thread/INFO]: <Hadeway> ga je nu al iets doen of wacht je op die world builder tool?
[15:34:11] [Server thread/INFO]: <ZeQ2> world edit heb ik niet nodig met bouwen alleen grote vlaken
[15:34:42] [Server thread/INFO]: <ZeQ2> maar wacht ff op maxie dan kunnen we kijken hoe we de spawn maken
[15:34:46] [Server thread/INFO]: <Hadeway> oki
[15:37:01] [Server thread/INFO]: ZeQ2 fell out of the world
[15:37:01] [Server thread/INFO]: [ZeQ2: Killed ZeQ2]
[15:37:08] [Server thread/INFO]: <Hadeway> huh?
[15:37:20] [Server thread/INFO]: <ZeQ2> ja /kill
[15:37:24] [Server thread/INFO]: <Hadeway> ah dacht dat er bug was ofzo
[15:37:31] [Server thread/INFO]: <ZeQ2> spawn block zoeken
[15:40:53] [Server thread/INFO]: [ZeQ2: Removed 11 items from player ZeQ2]
[15:41:01] [Server thread/INFO]: ZeQ2 fell out of the world
[15:41:01] [Server thread/INFO]: [ZeQ2: Killed ZeQ2]
[15:41:24] [Server thread/INFO]: ZeQ2 fell out of the world
[15:41:24] [Server thread/INFO]: [ZeQ2: Killed ZeQ2]
[15:43:22] [Server thread/INFO]: [ZeQ2: Set the time to 1000]
[15:45:40] [Server thread/INFO]: [ZeQ2: Set the world spawn point to -46, 64, 74 [0.0]]
[15:45:47] [Server thread/INFO]: ZeQ2 fell out of the world
[15:45:47] [Server thread/INFO]: [ZeQ2: Killed ZeQ2]
[15:48:05] [Server thread/INFO]: Hadeway lost connection: Disconnected
[15:48:05] [Server thread/INFO]: Hadeway left the game
[15:49:30] [User Authenticator #4/INFO]: UUID of player Hadeway is df4e1c78-f0ba-4259-9881-ef15eeeaefff
[15:49:30] [Server thread/INFO]: Hadeway[/141.134.37.127:60460] logged in with entity id 2918 at (-46.137857120747775, 76.24313553468023, 83.41214199366384)
[15:49:30] [Server thread/INFO]: Hadeway joined the game
[15:49:51] [Server thread/INFO]: [Hadeway: Added Popadopaliss to the whitelist]
[15:50:08] [Server thread/INFO]: [Hadeway: Made Popadopaliss a server operator]
[15:50:40] [Server thread/INFO]: Hadeway lost connection: Disconnected
[15:50:40] [Server thread/INFO]: Hadeway left the game
[15:51:56] [User Authenticator #5/INFO]: UUID of player Hadeway is df4e1c78-f0ba-4259-9881-ef15eeeaefff
[15:51:56] [Server thread/INFO]: Hadeway[/141.134.37.127:60576] logged in with entity id 3231 at (-46.137857120747775, 76.24313553468023, 83.41214199366384)
[15:51:56] [Server thread/INFO]: Hadeway joined the game
[15:52:36] [User Authenticator #6/INFO]: UUID of player Popadopaliss is a57466af-1dbc-484e-bf99-c36e83f9a593
[15:52:36] [Server thread/INFO]: Popadopaliss[/84.193.26.97:50352] logged in with entity id 3299 at (-50.5, 64.0, 65.5)
[15:52:36] [Server thread/INFO]: Popadopaliss joined the game
[15:52:54] [Server thread/INFO]: [ZeQ2: Set Popadopaliss's game mode to Creative Mode]
[15:54:21] [Server thread/INFO]: ZeQ2 lost connection: Timed out
[15:54:21] [Server thread/INFO]: ZeQ2 left the game
[15:54:43] [User Authenticator #7/INFO]: UUID of player ZeQ2 is f787fce5-0ec7-4e0e-a83d-91b012ef1e92
[15:54:43] [Server thread/INFO]: ZeQ2[/89.220.142.244:55241] logged in with entity id 3535 at (-43.70978072724165, 67.0, 79.44079472430325)
[15:54:43] [Server thread/INFO]: ZeQ2 joined the game
[15:55:04] [Server thread/INFO]: ZeQ2 lost connection: Disconnected
[15:55:04] [Server thread/INFO]: ZeQ2 left the game
[15:55:13] [User Authenticator #8/INFO]: UUID of player ZeQ2 is f787fce5-0ec7-4e0e-a83d-91b012ef1e92
[15:55:13] [Server thread/INFO]: ZeQ2[/89.220.142.244:55263] logged in with entity id 3579 at (-43.70978072724165, 67.0, 79.44079472430325)
[15:55:13] [Server thread/INFO]: ZeQ2 joined the game
[15:55:43] [Server thread/INFO]: ZeQ2 lost connection: Timed out
[15:55:43] [Server thread/INFO]: ZeQ2 left the game
[15:55:54] [User Authenticator #9/INFO]: UUID of player ZeQ2 is f787fce5-0ec7-4e0e-a83d-91b012ef1e92
[15:55:54] [Server thread/INFO]: ZeQ2[/89.220.142.244:55275] logged in with entity id 3639 at (-56.80581901485197, 64.31209821852666, 70.00824990295715)
[15:55:54] [Server thread/INFO]: ZeQ2 joined the game
[15:56:20] [Server thread/INFO]: Popadopaliss has completed the challenge [Cover Me in Debris]
[15:56:24] [Server thread/INFO]: ZeQ2 lost connection: Timed out
[15:56:24] [Server thread/INFO]: ZeQ2 left the game
[15:56:34] [Server thread/INFO]: [Hadeway: Banned Aedronax: Banned by an operator.]
[15:56:55] [User Authenticator #10/INFO]: UUID of player ZeQ2 is f787fce5-0ec7-4e0e-a83d-91b012ef1e92
[15:56:55] [Server thread/INFO]: ZeQ2[/89.220.142.244:55292] logged in with entity id 3796 at (-53.6783087176004, 65.4420323033869, 79.76646899880699)
[15:56:55] [Server thread/INFO]: ZeQ2 joined the game
[15:56:56] [Server thread/INFO]: ZeQ2 lost connection: Disconnected
[15:56:56] [Server thread/INFO]: ZeQ2 left the game
[15:57:48] [User Authenticator #11/INFO]: UUID of player ZeQ2 is f787fce5-0ec7-4e0e-a83d-91b012ef1e92
[15:57:48] [Server thread/INFO]: ZeQ2[/89.220.142.244:55526] logged in with entity id 3890 at (-53.6783087176004, 65.4420323033869, 79.76646899880699)
[15:57:48] [Server thread/INFO]: ZeQ2 joined the game
[16:00:14] [Server thread/INFO]: Hadeway lost connection: Disconnected
[16:00:14] [Server thread/INFO]: Hadeway left the game
[16:00:15] [Server thread/INFO]: Popadopaliss lost connection: Disconnected
[16:00:15] [Server thread/INFO]: Popadopaliss left the game
[16:03:20] [Server thread/INFO]: [Server] yooooo
[16:03:26] [Server thread/INFO]: <ZeQ2> lol
[16:03:34] [Server thread/INFO]: <ZeQ2> hallo server
[16:03:49] [Server thread/INFO]: [Server] di/say its Popaaaaa
[16:03:58] [Server thread/INFO]: [Server] dit werkt dus ook nice
[16:04:04] [Server thread/INFO]: <ZeQ2> haha
[16:05:04] [Server thread/INFO]: Unknown or incomplete command, see below for error
[16:05:04] [Server thread/INFO]: cd ../steamuser/popadopaliss/serverfiles/logs<--[HERE]
[16:05:14] [Server thread/INFO]: Unknown or incomplete command, see below for error
[16:05:14] [Server thread/INFO]: nano latest.log<--[HERE]
[16:15:55] [Server thread/INFO]: ZeQ2 lost connection: Disconnected
[16:15:55] [Server thread/INFO]: ZeQ2 left the game
[16:43:58] [User Authenticator #12/INFO]: UUID of player ZeQ2 is f787fce5-0ec7-4e0e-a83d-91b012ef1e92
[16:43:58] [Server thread/INFO]: ZeQ2[/89.220.142.244:55997] logged in with entity id 5670 at (-61.54517571521281, 65.37631454238033, 65.41176991741162)
[16:43:58] [Server thread/INFO]: ZeQ2 joined the game
[16:44:55] [Server thread/INFO]: <ZeQ2> hallo
[17:00:15] [Server thread/INFO]: ZeQ2 has made the advancement [Stone Age]
[17:13:17] [User Authenticator #13/INFO]: UUID of player Hadeway is df4e1c78-f0ba-4259-9881-ef15eeeaefff
[17:13:17] [Server thread/INFO]: Hadeway[/141.134.37.127:51553] logged in with entity id 8787 at (-55.74693544069579, 70.53292827534491, 79.86821529362277)
[17:13:17] [Server thread/INFO]: Hadeway joined the game
[17:13:30] [Server thread/INFO]: [Hadeway: Added Tafeltennis to the whitelist]
[17:13:47] [User Authenticator #14/INFO]: UUID of player Tafeltennis is 00b023c4-c27e-423d-88cb-7878da832fce
[17:13:47] [Server thread/INFO]: Tafeltennis[/178.119.27.111:50554] logged in with entity id 8846 at (-44.5, 64.0, 72.5)
[17:13:47] [Server thread/INFO]: Tafeltennis joined the game
[17:13:47] [Server thread/INFO]: [Hadeway: Made Tafeltennis a server operator]
[17:13:49] [User Authenticator #15/INFO]: UUID of player Tafeltennis is 00b023c4-c27e-423d-88cb-7878da832fce
[17:13:49] [Server thread/INFO]: Tafeltennis lost connection: You logged in from another location
[17:13:49] [Server thread/INFO]: Tafeltennis left the game
[17:13:49] [Server thread/INFO]: Tafeltennis[/178.119.27.111:50556] logged in with entity id 8850 at (-44.5, 64.0, 72.5)
[17:13:49] [Server thread/INFO]: Tafeltennis joined the game
[17:14:12] [Server thread/INFO]: Tafeltennis lost connection: Disconnected
[17:14:12] [Server thread/INFO]: Tafeltennis left the game
[17:14:15] [Server thread/INFO]: Hadeway lost connection: Disconnected
[17:14:15] [Server thread/INFO]: Hadeway left the game
[17:14:19] [User Authenticator #16/INFO]: UUID of player Tafeltennis is 00b023c4-c27e-423d-88cb-7878da832fce
[17:14:20] [Server thread/INFO]: Tafeltennis[/178.119.27.111:50578] logged in with entity id 8902 at (-44.5, 64.0, 72.5)
[17:14:20] [Server thread/INFO]: Tafeltennis joined the game
[17:14:47] [Server thread/INFO]: <Tafeltennis> je build met verkeerde cobblestone
[17:15:06] [Server thread/INFO]: Tafeltennis lost connection: Disconnected
[17:15:06] [Server thread/INFO]: Tafeltennis left the game
[17:39:08] [Server thread/INFO]: <ZeQ2> wat
[17:52:55] [Server thread/INFO]: [ZeQ2: Gave 1 [Redstone Lamp] to ZeQ2]
[19:05:05] [Server thread/INFO]: There are 1 of a max of 20 players online: ZeQ2
[19:25:27] [User Authenticator #17/INFO]: UUID of player Popadopaliss is a57466af-1dbc-484e-bf99-c36e83f9a593
[19:25:27] [Server thread/INFO]: Popadopaliss[/84.193.26.97:52974] logged in with entity id 22826 at (-51.04725795527528, 68.74317126936853, 60.09828134438928)
[19:25:27] [Server thread/INFO]: Popadopaliss joined the game
[19:25:33] [Server thread/INFO]: <ZeQ2> jo
[19:25:51] [Server thread/INFO]: <Popadopaliss> yo sic
[19:25:55] [Server thread/INFO]: <Popadopaliss> sick
[19:25:57] [Server thread/INFO]: <ZeQ2> ben ff bezig geweest :)
[19:26:19] [User Authenticator #18/INFO]: UUID of player Tafeltennis is 00b023c4-c27e-423d-88cb-7878da832fce
[19:26:19] [Server thread/INFO]: Tafeltennis[/178.119.27.111:52712] logged in with entity id 22977 at (-34.781906845916275, 66.79673560066871, 54.137369716624235)
[19:26:19] [Server thread/INFO]: Tafeltennis joined the game
[19:26:38] [Server thread/INFO]: <ZeQ2> jo
[19:26:41] [Server thread/INFO]: <Tafeltennis> yo
[19:26:59] [Server thread/INFO]: [Tafeltennis: Set own game mode to Creative Mode]
[19:27:17] [User Authenticator #19/INFO]: UUID of player Hadeway is df4e1c78-f0ba-4259-9881-ef15eeeaefff
[19:27:17] [Server thread/INFO]: Hadeway[/141.134.37.127:63517] logged in with entity id 23096 at (-59.80284075832574, 74.00389400552231, 73.93025169309976)
[19:27:17] [Server thread/INFO]: Hadeway joined the game
[19:27:18] [Server thread/INFO]: <Tafeltennis> ge hebt de verkeerde blokken gebruikt
[19:27:24] [Server thread/INFO]: <ZeQ2> waar
[19:27:25] [Server thread/INFO]: <Tafeltennis> stone produceert van die silverfish
[19:27:33] [Server thread/INFO]: [Tafeltennis: Set own game mode to Survival Mode]
[19:27:51] [Server thread/INFO]: <ZeQ2> ja het is niet de bedoeling dat je ze breekt xd
[19:27:56] [Server thread/INFO]: <Tafeltennis> ik breek ze niet
[19:27:59] [Server thread/INFO]: <Tafeltennis> da ga vanzelf
[19:28:14] [Server thread/INFO]: [Tafeltennis: Set own game mode to Creative Mode]
[19:28:19] [Server thread/INFO]: ZeQ2 has made the advancement [Monster Hunter]
[19:28:29] [Server thread/INFO]: <Tafeltennis> kijk
[19:28:34] [Server thread/INFO]: <Tafeltennis> je hebt infested stones
[19:28:39] [Server thread/INFO]: Hadeway has made the advancement [Monster Hunter]
[19:28:48] [Server thread/INFO]: [ZeQ2: Set own game mode to Survival Mode]
[19:29:04] [Server thread/INFO]: <ZeQ2> gebeurt niks
[19:29:12] [Server thread/INFO]: Tafeltennis has made the advancement [Monster Hunter]
[19:29:24] [Server thread/INFO]: ZeQ2 was slain by Silverfish
[19:29:42] [Server thread/INFO]: [ZeQ2: Set own game mode to Creative Mode]
[19:29:48] [Server thread/INFO]: <Hadeway> oeps
[19:29:51] [Server thread/INFO]: <ZeQ2> poep
[19:29:56] [Server thread/INFO]: <Popadopaliss> ja das kut hahah
[19:30:27] [Server thread/INFO]: <ZeQ2> zolang je anti grief hebt is t goed
[19:31:36] [Server thread/INFO]: Villager bfj['Villager'/272, l='ServerLevel[world]', x=156.30, y=75.05, z=266.74] died, message: 'Villager suffocated in a wall'
[19:31:49] [Server thread/INFO]: <Hadeway> er zitten creepers in uw kasteel
[19:31:58] [Server thread/WARN]: Tafeltennis moved too quickly! -4.297111059282251,0.0,-9.925280485648074
[19:32:03] [Server thread/INFO]: <ZeQ2> ja maar er hoort ook niks daar te zijn
[19:32:10] [Server thread/INFO]: <ZeQ2> of te komen
[19:35:26] [Server thread/INFO]: [Hadeway: Set the time to 1000]
[19:36:58] [Server thread/WARN]: Tafeltennis moved too quickly! -9.762617454506099,1.4950660194469805,2.509663848593661
[19:36:58] [Server thread/WARN]: Hadeway moved too quickly! 0.05869367311929352,-10.78853823077523,-0.004230912225096972
[19:37:05] [Server thread/INFO]: <ZeQ2> lol
[19:37:13] [Server thread/INFO]: [Tafeltennis: Set own game mode to Spectator Mode]
[19:38:31] [Server thread/INFO]: [Popadopaliss: Set own game mode to Spectator Mode]
[19:39:06] [Server thread/INFO]: [Hadeway: Set own game mode to Spectator Mode]
[19:39:17] [Server thread/INFO]: [ZeQ2: Set own game mode to Spectator Mode]
[19:40:25] [Server thread/INFO]: <ZeQ2> ja nu al 4 x ray cheaters gespot
[19:40:43] [Server thread/INFO]: <Popadopaliss> ik ben niemand tege gekomen tbh
[19:41:03] [Server thread/INFO]: <ZeQ2> als je onder de grond zit lijk het op x ray
[19:41:20] [Server thread/INFO]: [Popadopaliss: Set own game mode to Creative Mode]
[19:41:22] [Server thread/INFO]: <ZeQ2> en we hebben alle 4 spectator
[19:41:34] [Server thread/INFO]: [ZeQ2: Set own game mode to Creative Mode]
[19:41:54] [Server thread/INFO]: [Hadeway: Set own game mode to Creative Mode]
[19:41:58] [Server thread/WARN]: Hadeway moved too quickly! -10.074092201954628,-2.446947937232963,1.7092734614475802
[19:41:58] [Server thread/WARN]: Popadopaliss moved too quickly! 1.5384017527452158,-9.867418925274492,-1.5892952867614554
[19:43:32] [Server thread/INFO]: [Tafeltennis: Set own game mode to Creative Mode]
[19:44:25] [Server thread/INFO]: <ZeQ2> neeee
[19:44:33] [Server thread/INFO]: <Hadeway> ?
[19:44:41] [Server thread/INFO]: <ZeQ2> zo kan je niet zijn ahhaha
[19:44:49] [Server thread/INFO]: <ZeQ2> op de berg
[19:45:09] [Server thread/INFO]: <ZeQ2> neeeeee
[19:45:29] [Server thread/INFO]: <ZeQ2> lols
[19:45:34] [Server thread/INFO]: [Hadeway: Set the time to 1000]
[19:46:32] [Server thread/INFO]: Popadopaliss lost connection: Disconnected
[19:46:32] [Server thread/INFO]: Popadopaliss left the game
[19:46:48] [Server thread/INFO]: Hadeway lost connection: Disconnected
[19:46:48] [Server thread/INFO]: Hadeway left the game
[19:48:53] [Server thread/INFO]: [ZeQ2: Gave 1 [Barrier] to ZeQ2]
[19:53:16] [Server thread/INFO]: [ZeQ2: Set Tafeltennis's game mode to Survival Mode]
[19:54:00] [Server thread/INFO]: [ZeQ2: Set own game mode to Spectator Mode]
[19:54:15] [Server thread/INFO]: [Tafeltennis: Set own game mode to Creative Mode]
[19:54:38] [Server thread/INFO]: Tafeltennis lost connection: Disconnected
[19:54:38] [Server thread/INFO]: Tafeltennis left the game
[19:55:05] [Server thread/INFO]: [ZeQ2: Set own game mode to Creative Mode]
[19:57:29] [Server thread/INFO]: ZeQ2 lost connection: Disconnected
[19:57:29] [Server thread/INFO]: ZeQ2 left the game
[20:10:05] [User Authenticator #20/INFO]: UUID of player ZeQ2 is f787fce5-0ec7-4e0e-a83d-91b012ef1e92
[20:10:05] [Server thread/INFO]: ZeQ2[/89.220.142.244:49939] logged in with entity id 28721 at (-64.69999998807907, 66.47613547085977, 62.30000001192093)
[20:10:05] [Server thread/INFO]: ZeQ2 joined the game
[20:10:14] [Server thread/INFO]: ZeQ2 lost connection: Disconnected
[20:10:14] [Server thread/INFO]: ZeQ2 left the game
[20:29:18] [User Authenticator #21/INFO]: UUID of player Popadopaliss is a57466af-1dbc-484e-bf99-c36e83f9a593
[20:29:18] [Server thread/INFO]: Popadopaliss[/84.193.26.97:53479] logged in with entity id 28747 at (-57.827844375157, 130.11813608470578, 132.47837428639)
[20:29:18] [Server thread/INFO]: Popadopaliss joined the game
[20:30:56] [Server thread/INFO]: Popadopaliss lost connection: Disconnected
[20:30:56] [Server thread/INFO]: Popadopaliss left the game
[23:17:13] [Server thread/INFO]: There are 0 of a max of 20 players online: 
[23:18:02] [Server thread/INFO]: Stopping server
[23:18:02] [Server thread/INFO]: Saving players
[23:18:02] [Server thread/INFO]: Saving worlds
[23:18:02] [Server thread/INFO]: Saving chunks for level 'ServerLevel[world]'/minecraft:overworld
[23:18:04] [Server thread/INFO]: ThreadedAnvilChunkStorage (world): All chunks are saved
[23:18:04] [Server thread/INFO]: Saving chunks for level 'ServerLevel[world]'/minecraft:the_nether
[23:18:04] [Server thread/INFO]: ThreadedAnvilChunkStorage (DIM-1): All chunks are saved
[23:18:04] [Server thread/INFO]: Saving chunks for level 'ServerLevel[world]'/minecraft:the_end
[23:18:04] [Server thread/INFO]: ThreadedAnvilChunkStorage (DIM1): All chunks are saved
[23:18:04] [Server thread/INFO]: ThreadedAnvilChunkStorage (world): All chunks are saved
[23:18:04] [Server thread/INFO]: ThreadedAnvilChunkStorage (DIM-1): All chunks are saved
[23:18:04] [Server thread/INFO]: ThreadedAnvilChunkStorage (DIM1): All chunks are saved
[23:18:04] [Server thread/INFO]: Thread Query Listener stopped
