[00:50:07] [Craft Scheduler Thread - 885/INFO]: [0;32;1mChecking for updates via Spigot...[m
[00:50:08] [Craft Scheduler Thread - 885/INFO]: [0;37;22m[[0;36;1mCratesPlus[0;37;22m] [mNo update was found, you are running the latest version. Will check again later.[m
[01:50:08] [Craft Scheduler Thread - 899/INFO]: [0;32;1mChecking for updates via Spigot...[m
[01:50:08] [Craft Scheduler Thread - 899/INFO]: [0;37;22m[[0;36;1mCratesPlus[0;37;22m] [mNo update was found, you are running the latest version. Will check again later.[m
[02:50:08] [Craft Scheduler Thread - 916/INFO]: [0;32;1mChecking for updates via Spigot...[m
[02:50:08] [Craft Scheduler Thread - 916/INFO]: [0;37;22m[[0;36;1mCratesPlus[0;37;22m] [mNo update was found, you are running the latest version. Will check again later.[m
[03:50:08] [Craft Scheduler Thread - 932/INFO]: [0;32;1mChecking for updates via Spigot...[m
[03:50:08] [Craft Scheduler Thread - 932/INFO]: [0;37;22m[[0;36;1mCratesPlus[0;37;22m] [mNo update was found, you are running the latest version. Will check again later.[m
[04:50:08] [Craft Scheduler Thread - 948/INFO]: [0;32;1mChecking for updates via Spigot...[m
[04:50:08] [Craft Scheduler Thread - 948/INFO]: [0;37;22m[[0;36;1mCratesPlus[0;37;22m] [mNo update was found, you are running the latest version. Will check again later.[m
[05:50:08] [Craft Scheduler Thread - 963/INFO]: [0;32;1mChecking for updates via Spigot...[m
[05:50:08] [Craft Scheduler Thread - 963/INFO]: [0;37;22m[[0;36;1mCratesPlus[0;37;22m] [mNo update was found, you are running the latest version. Will check again later.[m
[06:50:08] [Craft Scheduler Thread - 979/INFO]: [0;32;1mChecking for updates via Spigot...[m
[06:50:08] [Craft Scheduler Thread - 979/INFO]: [0;37;22m[[0;36;1mCratesPlus[0;37;22m] [mNo update was found, you are running the latest version. Will check again later.[m
[07:50:08] [Craft Scheduler Thread - 994/INFO]: [0;32;1mChecking for updates via Spigot...[m
[07:50:08] [Craft Scheduler Thread - 994/INFO]: [0;37;22m[[0;36;1mCratesPlus[0;37;22m] [mNo update was found, you are running the latest version. Will check again later.[m
[08:50:08] [Craft Scheduler Thread - 1009/INFO]: [0;32;1mChecking for updates via Spigot...[m
[08:50:08] [Craft Scheduler Thread - 1009/INFO]: [0;37;22m[[0;36;1mCratesPlus[0;37;22m] [mNo update was found, you are running the latest version. Will check again later.[m
[09:50:08] [Craft Scheduler Thread - 1024/INFO]: [0;32;1mChecking for updates via Spigot...[m
[09:50:08] [Craft Scheduler Thread - 1024/INFO]: [0;37;22m[[0;36;1mCratesPlus[0;37;22m] [mNo update was found, you are running the latest version. Will check again later.[m
[10:50:08] [Craft Scheduler Thread - 1040/INFO]: [0;32;1mChecking for updates via Spigot...[m
[10:50:08] [Craft Scheduler Thread - 1040/INFO]: [0;37;22m[[0;36;1mCratesPlus[0;37;22m] [mNo update was found, you are running the latest version. Will check again later.[m
[11:01:07] [User Authenticator #32/INFO]: UUID of player Tafeltennis is 00b023c4-c27e-423d-88cb-7878da832fce
[11:01:08] [Server thread/INFO]: Tafeltennis[/178.119.27.111:60600] logged in with entity id 357518 at ([world]10932.351422440148, 66.5, 14677.472675509825)
[11:36:23] [Server thread/INFO]: Tafeltennis lost connection: Disconnected
[11:36:23] [Server thread/INFO]: Tafeltennis left the game
[11:50:08] [Craft Scheduler Thread - 1057/INFO]: [0;32;1mChecking for updates via Spigot...[m
[11:50:08] [Craft Scheduler Thread - 1057/INFO]: [0;37;22m[[0;36;1mCratesPlus[0;37;22m] [mNo update was found, you are running the latest version. Will check again later.[m
[12:50:08] [Craft Scheduler Thread - 1072/INFO]: [0;32;1mChecking for updates via Spigot...[m
[12:50:08] [Craft Scheduler Thread - 1072/INFO]: [0;37;22m[[0;36;1mCratesPlus[0;37;22m] [mNo update was found, you are running the latest version. Will check again later.[m
[13:03:22] [Server thread/INFO]: There are 0 of a max of 20 players online: 
[13:50:08] [Craft Scheduler Thread - 1088/INFO]: [0;32;1mChecking for updates via Spigot...[m
[13:50:08] [Craft Scheduler Thread - 1088/INFO]: [0;37;22m[[0;36;1mCratesPlus[0;37;22m] [mNo update was found, you are running the latest version. Will check again later.[m
[14:50:08] [Craft Scheduler Thread - 1103/INFO]: [0;32;1mChecking for updates via Spigot...[m
[14:50:08] [Craft Scheduler Thread - 1103/INFO]: [0;37;22m[[0;36;1mCratesPlus[0;37;22m] [mNo update was found, you are running the latest version. Will check again later.[m
[15:34:29] [User Authenticator #33/INFO]: UUID of player Hadeway is df4e1c78-f0ba-4259-9881-ef15eeeaefff
[15:34:30] [Server thread/INFO]: Hadeway[/78.23.149.108:65139] logged in with entity id 366479 at ([world]34849.30000001192, 101.0, 35446.30000001192)
[15:38:15] [Server thread/INFO]: Hadeway issued server command: //schematic list
[15:46:05] [Server thread/INFO]: Hadeway lost connection: Disconnected
[15:46:05] [Server thread/INFO]: Hadeway left the game
[15:50:08] [Craft Scheduler Thread - 1117/INFO]: [0;32;1mChecking for updates via Spigot...[m
[15:50:09] [Craft Scheduler Thread - 1117/INFO]: [0;37;22m[[0;36;1mCratesPlus[0;37;22m] [mNo update was found, you are running the latest version. Will check again later.[m
[16:12:45] [Server thread/INFO]: Stopping the server
[16:12:45] [Server thread/INFO]: Stopping server
[16:12:45] [Server thread/INFO]: [GriefPrevention] Disabling GriefPrevention v16.17.1-2b69191
[16:12:45] [Server thread/INFO]: [GriefPrevention] GriefPrevention disabled.
[16:12:45] [Server thread/INFO]: [MineMaze] Disabling MineMaze v2.1
[16:12:45] [Server thread/INFO]: [WorldGuard] Disabling WorldGuard v7.0.4+f7ff984
[16:12:45] [Server thread/INFO]: [WorldGuard] Shutting down executor and cancelling any pending tasks...
[16:12:45] [Server thread/INFO]: [SleepPercentage] Disabling SleepPercentage v1.2.1
[16:12:45] [Server thread/INFO]: [OpenInv] Disabling OpenInv v4.1.8
[16:12:45] [Server thread/INFO]: [WorldEdit] Disabling WorldEdit v7.2.6-beta-02+2e45a20
[16:12:45] [Server thread/INFO]: Unregistering com.sk89q.worldedit.bukkit.BukkitServerInterface from WorldEdit
[16:12:45] [Server thread/INFO]: [CratesPlus] Disabling CratesPlus v4.5.3
[16:12:45] [Server thread/INFO]: Saving players
[16:12:45] [Server thread/INFO]: Saving worlds
[16:12:45] [Server thread/INFO]: Saving chunks for level 'ServerLevel[world]'/minecraft:overworld
[16:12:50] [Server thread/INFO]: Saving chunks for level 'ServerLevel[world_nether]'/minecraft:the_nether
[16:12:51] [Server thread/INFO]: Saving chunks for level 'ServerLevel[world_the_end]'/minecraft:the_end
[16:12:51] [Server thread/INFO]: ThreadedAnvilChunkStorage (world): All chunks are saved
[16:12:51] [Server thread/INFO]: ThreadedAnvilChunkStorage (DIM-1): All chunks are saved
[16:12:51] [Server thread/INFO]: ThreadedAnvilChunkStorage (DIM1): All chunks are saved
[16:12:51] [Server thread/INFO]: ThreadedAnvilChunkStorage: All dimensions are saved
