17:35 Popadopaliss:  placed a sign @ world: x22386, z50995
  vex
17:35 Popadopaliss:  placed a sign @ world: x22386, z50995
  Vex
17:35 Popadopaliss:  placed a sign @ world: x22386, z50997
  Pillagers
17:36 Popadopaliss:  placed a sign @ world: x22386, z50999
  cave spin
17:36 Popadopaliss:  placed a sign @ world: x22386, z51001
  Vos
17:36 Popadopaliss:  placed a sign @ world: x22386, z51010
  Slime
17:37 Popadopaliss:  placed a sign @ world: x22386, z51003
  witches
17:41 Popadopaliss:  placed a sign @ world: x22386, z51005
  zwarte
19:29 Popadopaliss: t
19:34 zinto_      : gasuidojkplj
19:34 Popadopaliss: blub
19:34 Tafeltennis : errzertdgf
19:34 zinto_      : so laggy
19:35 zinto_      : why is so laggy
19:35 zinto_      : tf is going on
19:35 zinto_      : ok better
19:35 zinto_      : i thought hadeway build lag machine
19:37 zinto_      : popa take me to your leader
19:38 zinto_      : AHH
19:38 zinto_      : WHY COME TO ME
19:39 zinto_      : scared me
19:39 zinto_      : why does it say he died
19:39 Hadeway     : no idea
19:39 zinto_      : and why are you flying around
19:39 zinto_      : hacker
19:40 zinto_      : thats not true
19:40 zinto_      : I never play ok
19:41 zinto_      : no
19:41 zinto_      : i not
19:42 zinto_      : hade
19:43 zinto_      : what you doing flying all over the place
19:43 zinto_      : but me
19:43 zinto_      : around my home
19:43 zinto_      : glow bois
19:43 zinto_      : yes on bedrock edition
19:44 zinto_      : hey
19:44 zinto_      : now i have to go very far to find new items
19:44 zinto_      : you did*
19:44 zinto_      : wdym changed
19:45 zinto_      : oh yeah
19:45 zinto_      : ik
19:45 zinto_      : its with gold too
19:45 zinto_      : how dare you
19:45 zinto_      : they are extremely cute
19:45 zinto_      : they will fight with you
19:46 zinto_      : ok fine :{
19:46 zinto_      : lunch time
19:46 zinto_      : it ok i gotta eat soon anyway
19:46 zinto_      : school now
19:46 zinto_      : in august
19:46 zinto_      : no sry
19:46 zinto_      : 18th
19:47 zinto_      : you do it
19:47 zinto_      : feburary 27
19:48 zinto_      : ok
19:48 zinto_      : no
19:48 zinto_      : :+__)I
19:48 zinto_      : woah
19:48 zinto_      : thats creepy
19:48 zinto_      : no thanks
19:49 zinto_      : kkkkkkkk
19:49 zinto_      : bye
20:32 zinto_      : heololooo
20:32 Tafeltennis : yo
20:32 zinto_      : others left :(
20:32 Tafeltennis : i'm gonna leave too
20:32 zinto_      : bru
20:33 Tafeltennis : :'(
20:33 zinto_      : i just join :{
20:33 Tafeltennis : I'm just on to afk
20:33 zinto_      : ohk
20:33 zinto_      : bye
20:33 Tafeltennis : bye
20:46 zinto_      : hi!
20:47 zinto_      : hello wyzear
20:47 Wyzear      : hi
20:57 zinto_      : what are you doing atm
20:57 Wyzear      : base building
21:05 zinto_      : um
21:05 zinto_      : what
21:06 zinto_      : :{}
21:06 zinto_      : what's going on
21:09 Wyzear      : gby
21:09 zinto_      : bye?
