15:56 zinto_      : where endar pota
15:57 zinto_      : is it long
15:57 zinto_      : o no way too long
16:06 zinto_      : oh my
16:06 zinto_      : but i no have gud sword
16:06 zinto_      : oh jeez
16:07 zinto_      : not really
16:07 zinto_      : ok more now
16:08 zinto_      : wait
16:08 zinto_      : wanna see my tools name
16:08 zinto_      : I dont have that many things
16:08 zinto_      : and takes a long time to get levels
16:09 zinto_      : i dont have an ender chest
16:09 zinto_      : and my sword it at my base
16:09 zinto_      : to kill ender guys
16:09 zinto_      : I will just put mending on this axe
16:10 zinto_      : uh
16:10 zinto_      : wait
16:10 zinto_      : i broke a carpet
16:10 zinto_      : center
16:11 zinto_      : BRUH
16:11 zinto_      : I CANT ACCESS CONTAINERS DURING PVP COMBAT
16:11 zinto_      : cause you hist me
16:11 zinto_      : this mod thing is so stupid
16:11 zinto_      : the plug in
16:12 zinto_      : now kill
16:12 zinto_      : ok
16:12 zinto_      : omg
16:12 zinto_      : no promises
16:13 zinto_      : more level
16:13 zinto_      : the noise so dang loud
16:13 zinto_      : k bye
21:34 Tafeltennis :  placed a sign @ world: x10916, z14609
  s
22:49 Tafeltennis :  placed a sign @ world: x10875, z14627
  DOLfijn showcase
  Onder de brug
22:49 Tafeltennis :  placed a sign @ world: x10874, z14627
  Fox fighting 
  cocks 
  pit
22:50 Tafeltennis :  placed a sign @ world: x10873, z14627
  Villager Trading 
  Hall max vill
  Doe nu 
  nuigerr
22:50 Tafeltennis :  placed a sign @ world: x10875, z14627
  Nieuwe cummer 
  3000
22:50 Tafeltennis :  placed a sign @ world: x10875, z14627
  Woodland 
  explorer map doe
22:50 Tafeltennis :  placed a sign @ world: x10873, z14627
  Ocean monument 
  doen
22:51 Tafeltennis :  placed a sign @ world: x10874, z14627
  z
