14:32 GMysticX    : pog
17:30 GMysticX    : oki :4
17:32 GMysticX    : hi :3
17:32 Hadeway     : hey
17:32 GMysticX    : do you kbnow where i can get 2 villagers? xD
17:32 Hadeway     : oh you're at spawn
17:32 GMysticX    : ya
17:32 GMysticX    : im set up over here
17:33 Hadeway     : I know there is a village close to popa his first house
17:34 Hadeway     : let me find it
17:34 GMysticX    : i went to a village where i came from but no one was there
17:34 GMysticX    : all dead
17:34 GMysticX    : i have bad omen and was going to start a raid
17:34 Hadeway     : hmm y village is empty
17:34 GMysticX    : :c
17:36 Hadeway     : I found a village with 1 villager
17:41 GMysticX  : AS YOU WAS SAYING
17:41 Hadeway   : I repopulated 2 villages close to spawn
17:41 GMysticX  : :D
17:42 GMysticX  : ones the spruce one yeah?
17:42 Hadeway   : y
17:42 GMysticX  : okay thanks
17:43 Hadeway   : I am heading off now, I'll be back later tonight
17:43 Hadeway   : bye
17:43 GMysticX  : bye
19:44 GMysticX  : me
19:44 Hadeway   : hey
19:44 GMysticX  : hi
19:44 Popadopaliss: yoooo
19:44 GMysticX    : its me
19:45 GMysticX    : the RL pro (not)
19:45 Popadopaliss: lmao
19:45 Popadopaliss: more pro then we ever be lol
19:45 GMysticX    : not if you kept playing and i stop
19:46 GMysticX    : raids turned off?
19:47 Hadeway     : nop
19:47 GMysticX    : im next to like 7 villagers
19:47 Hadeway     : do their houses have beds?
19:47 GMysticX    : they dont even have floors beds or professions
19:47 Hadeway     : then its not a village anymore
19:47 Hadeway     : so no raids
19:52 GMysticX    : how many need to sleep
19:52 Hadeway     : 50%
19:52 GMysticX    : 1.5? xD
19:52 GMysticX    : ohhhhhh
19:52 GMysticX    : i have a villager in boat dont want him dying lol im saving his species
19:59 GMysticX    : wow i got out of boat and now its hadeway
19:59 GMysticX    : pog
19:59 Hadeway     : thanks!
19:59 Popadopaliss: lmao
19:59 GMysticX    : free villager
20:00 Hadeway     : does he need to get out?
20:00 GMysticX    : im taking him home
20:00 Hadeway     : he is free
20:00 Hadeway     : what way?
20:01 GMysticX    : yeah im over there
20:02 GMysticX    : umm
20:02 Hadeway     : what?
20:02 GMysticX    : im trying tio take him home xD
20:02 Popadopaliss: where os home ?
20:03 GMysticX    : on that hill
20:03 Popadopaliss: shuuuuush
20:03 GMysticX    : i need to hurry cuz shadow asked to play rl
20:04 Popadopaliss: i got an idea
20:04 Popadopaliss: use a bed to lure him at night
20:04 GMysticX    : oh
20:04 Popadopaliss: euhm
20:04 Popadopaliss: i have nothing
20:04 GMysticX    : i put bed now its a raid
20:04 Popadopaliss: smack the boat
20:06 Popadopaliss: i fight them with dirt
20:07 Popadopaliss: villager
20:08 GMysticX    : ty they hurt
20:08 Popadopaliss: ikr
20:08 GMysticX    : ok cool
20:09 Popadopaliss: i HAVE AN ARROW IN MY LEGG
20:09 GMysticX    : ghes not sleepig
20:09 Popadopaliss: PUL IT OUT
20:09 GMysticX    : dont see one
20:09 Popadopaliss: ow its gone
20:11 GMysticX    : ok ty be back soom
