13:58 Tafeltennis: 65
13:58 Tafeltennis: 6
18:05 zinto_     : htouhkjdl'
18:07 zinto_     : hi
18:09 zinto_     : are you guys alive
18:09 Popadopaliss: hadeway is eating im cleaning the room fast lmao
18:09 zinto_      : k
18:11 zinto_      : hade
18:11 zinto_      : popa
18:11 zinto_      : is there anyway i can tp back to base
18:11 Popadopaliss: wdym ?
18:11 zinto_      : i was in end and i went to overworld
18:11 zinto_      : and im at spawn
18:13 zinto_      : scared me
18:13 Popadopaliss: oke so what you needed ?
18:13 zinto_      : -1000 -7000
18:13 zinto_      : tp
18:14 Popadopaliss: thats hadeway and shari's place isnt it
18:14 zinto_      : yes i am near them
18:15 zinto_      : taking me to the nether portal?
18:15 Popadopaliss: i have no clue
18:15 zinto_      : o
18:16 zinto_      : i think its over here
18:16 zinto_      : yeah its over here
18:16 zinto_      : i can go the rest of
18:16 zinto_      : the way
18:16 zinto_      : in the nether
18:17 zinto_      : omg i got jumpscared
18:17 Popadopaliss: by what
18:17 zinto_      : as soon as i entered portal it showed me in lava then put me on land
18:18 Popadopaliss: lmao
18:18 zinto_      : i was like wtf
18:21 Popadopaliss: hadeway tp to me if you get back imma grab something to eat
18:24 zinto_      : bruh you were here the whole time
18:37 Hadeway     : sup zinto
18:37 zinto_      : hi
18:37 zinto_      : popa went afk near your nether portal
18:37 zinto_      : and i pushed him in
18:37 Hadeway     : hahahahah
18:37 zinto_      : and now hes in the nether lol
18:37 zinto_      : he in creative tho
18:38 Hadeway     : he is standing on a tree in the nether
18:38 zinto_      : yeah
18:38 Hadeway     : did you push him further/
18:38 zinto_      : no just to that tree
18:39 Hadeway     : still not full netherite
18:39 Hadeway     : you're so weak
18:39 zinto_      : shut up i dont play so many hours like you
18:39 Hadeway     : hahahah
18:39 zinto_      : i grind rocket league
18:39 zinto_      : can you tp me to end portal
18:39 zinto_      : I dont wanna run all that way
18:39 zinto_      : also
18:40 zinto_      : END PORTAL
18:40 Hadeway     : ah end
18:40 Hadeway     : oki
18:40 zinto_      : is there a grindstone at the end
18:41 Hadeway     : don't think so
18:41 Hadeway     : why?w
18:41 zinto_      : oh i will bring my own
18:41 Hadeway     : can I tp you?
18:41 zinto_      : wait
18:41 zinto_      : now
18:42 zinto_      : i brought my jukebox too
18:42 Hadeway     : and a cd?
18:42 zinto_      : yeah
18:42 zinto_      : 5
18:43 Hadeway     : that was close :D
18:43 zinto_      : why so much water
18:43 zinto_      : i seen i before but why so much
18:43 Hadeway     : I think its so they don't spawn here
18:43 zinto_      : k
18:44 Hadeway     : aaah listening to classic music while killing endermen
18:44 zinto_      : do swords automatically have sweeping edge
18:44 Hadeway     : a little bit
18:44 zinto_      : that makes it a lot easier
18:44 Hadeway     : they have aoe attack but not as much as sweeping edge
18:45 zinto_      : whta about the carpets
18:45 zinto_      : when i spawned in they were gone
18:45 zinto_      : broken*
18:45 Hadeway     : idk, haven't been here since you were here last time
18:45 zinto_      : i put in this chest
18:45 Hadeway     : ware you farming eyes or xp?
18:45 zinto_      : shit
18:45 zinto_      : I forgot to bring lapis
18:45 Hadeway     : check chests
18:46 zinto_      : good thing theres some here
18:46 Hadeway     : replenish it next time
18:46 zinto_      : ok
18:46 Hadeway     : I am gonna afk a bit until popa is back
18:47 zinto_      : k
18:47 Popadopaliss: back
18:47 zinto_      : LOL
18:47 Hadeway     : lmao
18:47 zinto_      : LMAO
18:47 zinto_      : popa i pushed you in the nether so you could be warmer
18:47 Popadopaliss: Timing 10/10
18:47 zinto_      : you looked blue and a little cold
18:47 Popadopaliss: aaaahw thanks zinto
18:48 zinto_      : dang i got a really good sword enchantment
18:48 Hadeway     : which one?
18:48 zinto_      : sharpness 4 unbreaking 3 sweeping edge 3
18:48 Hadeway     : no mending?
18:49 zinto_      : i mean from level 30 enchant
18:49 zinto_      : thats what i got on it
18:49 Hadeway     : ah nice
18:51 zinto_      : do i have to replace lapis i only used 12
18:51 Hadeway     : you have to put in 64
18:51 Hadeway     : as punishment
18:52 zinto_      : bruh i didnt say i wasnt gonna i just asked if i had to since i didnt use a lot
18:54 zinto_      : is power 3 the most you can get from an enchantment table
18:54 Hadeway     : I think you can get 4
18:54 Hadeway     : but not sure
18:55 zinto_      : 5 is max power level but you cant get it from the table
18:55 Hadeway     : no but I think you can get 4
18:55 zinto_      : k
18:55 Hadeway     : no but I think you can get 4
18:56 Hadeway     : ups
18:56 zinto_      : i just see power 4 right now
18:58 zinto_      : shoot i broke an anvil
18:58 zinto_      : guess i have to replace that too..
18:58 Hadeway     : you have to place 2 new ones
18:58 zinto_      : even though theres 3 more
18:58 Hadeway     : yes
19:50 zinto_      : hoi
19:50 Hadeway     : hey
19:50 zinto_      : i have a lot better enchants now
19:51 zinto_      : and i named my tools bc that is the most important thing to do to every tool you have
19:51 Hadeway     : I name my tools "prohananas"
19:52 zinto_      : all of them?
19:52 Hadeway     : yes
19:52 Hadeway     : so people can't steal it
19:52 zinto_      : why all of them
19:52 zinto_      : why cant they
19:54 Popadopaliss: brb
19:54 zinto_      : same ima go eat
19:54 Hadeway     : bye
19:54 zinto_      : ya
19:54 zinto_      : cya*
19:56 ShariBL     : BRIAAAAAAAANNNNNNN
19:58 Tafeltennis : birannnnnnnnnnnn
20:02 Popadopaliss: SHARIIIIIIIIIIIIIIIIIIIIIIIII
20:04 Popadopaliss: -140 73 -850
20:29 Popadopaliss: q
20:29 Tafeltennis : q
20:37 zinto_      : wow
20:38 zinto_      : thats a lot of people online
20:38 zinto_      : brb
20:38 Tafeltennis : ):
20:39 Popadopaliss: -5 42 1809
20:39 Tafeltennis : :)
20:41 Tafeltennis : 5
20:41 ShariBL     : 4
20:41 Hadeway     : 3
20:47 Tafeltennis : 358
20:47 Tafeltennis : 35
20:50 Tafeltennis : 2
20:50 Tafeltennis : 5416
20:51 zinto_      : um wtf
20:51 zinto_      : why did i die
20:51 Tafeltennis : idk
20:51 zinto_      : did someone get my stuff
20:51 Tafeltennis : nope all gone
20:51 zinto_      : really
20:51 zinto_      : can someone tp me to the end
20:52 zinto_      : why did you kill me
20:53 zinto_      : popa he killed me
20:53 Tafeltennis : Have patience
20:53 Tafeltennis : I'll get you a gift :)
20:54 zinto_      : can i have my stuff back
20:55 zinto_      : whatever ._.
20:55 Tafeltennis : It's in a chest
20:58 zinto_      : that is loud
21:00 Hadeway     : zinto can i tp?
21:00 zinto_      : yes
21:00 zinto_      : do it
21:00 Hadeway     : sec
21:01 Tafeltennis :  placed a sign @ world_the_end: x4, z258
  Enjoy the ne
  therite :)
21:01 zinto_      : thanks
21:02 Tafeltennis : All yours
21:02 zinto_      : you still gave me anxiety though
21:02 Tafeltennis : I know how it feels
21:02 Tafeltennis : i just threw my Trident in the void :'(
21:02 Tafeltennis : Take the netherite its all yours
21:02 zinto_      : yeah
21:02 zinto_      : im organizing my inventory
21:03 zinto_      : also i had a golden apple
21:03 zinto_      : thanks
21:03 Tafeltennis : 3x win
21:03 Tafeltennis : :)
21:04 Tafeltennis : Need anything?
21:04 zinto_      : no i dont think so
21:04 Tafeltennis : Have a beacon
21:06 zinto_      : can i take the punch 2 book in the chest or does someone else need it
21:06 Tafeltennis : Take what u want
21:06 zinto_      : ok
21:09 zinto_      : what are you guys doing
21:09 Hadeway     : jumping arround
21:10 zinto_      : can i jump around with you in a min
21:14 zinto_      : can i have some of your animals
21:15 zinto_      : for food
21:15 Hadeway     : we're gonna use them to breed
